<?xml version="1.0" encoding="UTF-8"?>
<testng-results ignored="0" total="1" passed="1" failed="0" skipped="0">
  <reporter-output>
  </reporter-output>
  <suite started-at="2018-10-10T10:06:48Z" name="Default suite" finished-at="2018-10-10T10:07:07Z" duration-ms="19387">
    <groups>
    </groups>
    <test started-at="2018-10-10T10:06:48Z" name="Default test" finished-at="2018-10-10T10:07:07Z" duration-ms="19387">
      <class name="Assignment.Assignment">
        <test-method signature="testSearch()[pri:0, instance:Assignment.Assignment@6a03bcb1]" started-at="2018-10-10T10:06:48Z" name="testSearch" finished-at="2018-10-10T10:07:07Z" duration-ms="19343" status="PASS">
          <reporter-output>
          </reporter-output>
        </test-method> <!-- testSearch -->
      </class> <!-- Assignment.Assignment -->
    </test> <!-- Default test -->
  </suite> <!-- Default suite -->
</testng-results>
